#
# A fatal error has been detected by the Java Runtime Environment:
#
#  Internal Error (javaCalls.cpp:51), pid=442816, tid=0x0000000000052360
#  guarantee(thread->is_Java_thread()) failed: crucial check - the VM thread cannot and must not escape to Java code
#
# JRE version: Java(TM) SE Runtime Environment (8.0_191-b12) (build 1.8.0_191-b12)
# Java VM: Java HotSpot(TM) 64-Bit Server VM (25.191-b12 mixed mode windows-amd64 compressed oops)
# Failed to write core dump. Minidumps are not enabled by default on client versions of Windows
#
# If you would like to submit a bug report, please visit:
#   http://bugreport.java.com/bugreport/crash.jsp
#

---------------  T H R E A D  ---------------

Current thread (0x000000001c5d8000):  VMThread [stack: 0x000000001d680000,0x000000001d780000] [id=336736]

Stack: [0x000000001d680000,0x000000001d780000]
[error occurred during error reporting (printing stack bounds), id 0xc0000005]

Native frames: (J=compiled Java code, j=interpreted, Vv=VM code, C=native code)

VM_Operation (0x000000001e0bf380): GetOrSetLocal, mode: safepoint, requested by thread 0x000000001c62d000


---------------  P R O C E S S  ---------------

Java Threads: ( => current thread )
  0x000000001f994800 JavaThread "Okio Watchdog" daemon [_thread_blocked, id=444216, stack(0x0000000023030000,0x0000000023130000)]
  0x000000002119a800 JavaThread "Exec Stream Pumper" daemon [_thread_in_native, id=441828, stack(0x0000000022930000,0x0000000022a30000)]
  0x0000000021d75000 JavaThread "Exec Stream Pumper" daemon [_thread_in_native, id=436972, stack(0x0000000022830000,0x0000000022930000)]
  0x000000001f904000 JavaThread "Exec Default Executor" daemon [_thread_in_native, id=444544, stack(0x0000000021560000,0x0000000021660000)]
  0x000000001e4c5000 JavaThread "Service Thread" daemon [_thread_blocked, id=437936, stack(0x000000001e9c0000,0x000000001eac0000)]
  0x000000001e443800 JavaThread "C1 CompilerThread2" daemon [_thread_blocked, id=6772, stack(0x000000001e8c0000,0x000000001e9c0000)]
  0x000000001e440800 JavaThread "C2 CompilerThread1" daemon [_thread_blocked, id=441332, stack(0x000000001e7c0000,0x000000001e8c0000)]
  0x000000001e43d800 JavaThread "C2 CompilerThread0" daemon [_thread_blocked, id=440684, stack(0x000000001e6c0000,0x000000001e7c0000)]
  0x000000001c633000 JavaThread "JDWP Command Reader" daemon [_thread_in_native, id=441644, stack(0x000000001e1c0000,0x000000001e2c0000)]
  0x000000001c630000 JavaThread "JDWP Event Helper Thread" daemon [_thread_blocked, id=424984, stack(0x000000001e0c0000,0x000000001e1c0000)]
  0x000000001c62d000 JavaThread "JDWP Transport Listener: dt_socket" daemon [_thread_blocked, id=442196, stack(0x000000001dfc0000,0x000000001e0c0000)]
  0x000000001c61b000 JavaThread "Attach Listener" daemon [_thread_blocked, id=440372, stack(0x000000001db80000,0x000000001dc80000)]
  0x000000001c61a000 JavaThread "Signal Dispatcher" daemon [_thread_blocked, id=438700, stack(0x000000001da80000,0x000000001db80000)]
  0x00000000030dc000 JavaThread "Finalizer" daemon [_thread_blocked, id=441860, stack(0x000000001d880000,0x000000001d980000)]
  0x00000000030d3000 JavaThread "Reference Handler" daemon [_thread_blocked, id=436124, stack(0x000000001d780000,0x000000001d880000)]
  0x0000000002fe4000 JavaThread "main" [_thread_blocked, id=443112, stack(0x0000000002d40000,0x0000000002e40000)]

Other Threads:
=>0x000000001c5d8000 VMThread [stack: 0x000000001d680000,0x000000001d780000] [id=336736]
  0x000000001e58e000 WatcherThread [stack: 0x000000001eac0000,0x000000001ebc0000] [id=440716]

VM state:at safepoint (normal execution)

VM Mutex/Monitor currently owned by a thread:  ([mutex/lock_event])
[0x0000000002fe16d0] Threads_lock - owner thread: 0x000000001c5d8000

Heap:
 PSYoungGen      total 75776K, used 27809K [0x000000076bd00000, 0x0000000771180000, 0x00000007c0000000)
  eden space 65024K, 33% used [0x000000076bd00000,0x000000076d22a070,0x000000076fc80000)
  from space 10752K, 57% used [0x000000076fc80000,0x000000077027e4d8,0x0000000770700000)
  to   space 10752K, 0% used [0x0000000770700000,0x0000000770700000,0x0000000771180000)
 ParOldGen       total 173568K, used 16K [0x00000006c3600000, 0x00000006cdf80000, 0x000000076bd00000)
  object space 173568K, 0% used [0x00000006c3600000,0x00000006c3604000,0x00000006cdf80000)
 Metaspace       used 14310K, capacity 15088K, committed 15360K, reserved 1062912K
  class space    used 1737K, capacity 1946K, committed 2048K, reserved 1048576K

Card table byte_map: [0x00000000124a0000,0x0000000012c90000] byte_map_base: 0x000000000ee85000

Marking Bits: (ParMarkBitMap*) 0x00000000615f3e30
 Begin Bits: [0x00000000135e0000, 0x0000000017508000)
 End Bits:   [0x0000000017508000, 0x000000001b430000)

Polling page: 0x0000000002d10000

CodeCache: size=245760Kb used=6465Kb max_used=6499Kb free=239294Kb
 bounds [0x00000000030e0000, 0x0000000003740000, 0x00000000120e0000]
 total_blobs=2025 nmethods=1636 adapters=309
 compilation: enabled

Compilation events (10 events):
Event: 19.368 Thread 0x000000001e443800 1631       1       org.openqa.selenium.remote.Command::getName (5 bytes)
Event: 19.368 Thread 0x000000001e443800 nmethod 1631 0x0000000003724dd0 code [0x0000000003724f20, 0x0000000003725030]
Event: 19.368 Thread 0x000000001e443800 1633       3       java.lang.Character::getType (9 bytes)
Event: 19.368 Thread 0x000000001e443800 nmethod 1633 0x0000000003725090 code [0x0000000003725200, 0x0000000003725438]
Event: 19.368 Thread 0x000000001e443800 1634       3       java.lang.CharacterDataLatin1::getType (11 bytes)
Event: 19.369 Thread 0x000000001e443800 nmethod 1634 0x0000000003725510 code [0x0000000003725680, 0x0000000003725870]
Event: 2380.361 Thread 0x000000001e43d800 1635       4       org.eclipse.jdt.launching.internal.org.objectweb.asm.MethodWriter::computeMethodInfoSize (704 bytes)
Event: 2380.378 Thread 0x000000001e43d800 nmethod 1635 0x0000000003729310 code [0x0000000003729560, 0x000000000372a248]
Event: 2380.378 Thread 0x000000001e440800 1636       4       org.eclipse.jdt.launching.internal.org.objectweb.asm.MethodWriter::putMethodInfo (1431 bytes)
Event: 2380.642 Thread 0x000000001e440800 nmethod 1636 0x0000000003732150 code [0x0000000003732780, 0x00000000037380f8]

GC Heap History (2 events):
Event: 4.110 GC heap before
{Heap before GC invocations=1 (full 0):
 PSYoungGen      total 75776K, used 65024K [0x000000076bd00000, 0x0000000771180000, 0x00000007c0000000)
  eden space 65024K, 100% used [0x000000076bd00000,0x000000076fc80000,0x000000076fc80000)
  from space 10752K, 0% used [0x0000000770700000,0x0000000770700000,0x0000000771180000)
  to   space 10752K, 0% used [0x000000076fc80000,0x000000076fc80000,0x0000000770700000)
 ParOldGen       total 173568K, used 0K [0x00000006c3600000, 0x00000006cdf80000, 0x000000076bd00000)
  object space 173568K, 0% used [0x00000006c3600000,0x00000006c3600000,0x00000006cdf80000)
 Metaspace       used 12488K, capacity 13158K, committed 13312K, reserved 1060864K
  class space    used 1500K, capacity 1697K, committed 1792K, reserved 1048576K
Event: 4.118 GC heap after
Heap after GC invocations=1 (full 0):
 PSYoungGen      total 75776K, used 6137K [0x000000076bd00000, 0x0000000771180000, 0x00000007c0000000)
  eden space 65024K, 0% used [0x000000076bd00000,0x000000076bd00000,0x000000076fc80000)
  from space 10752K, 57% used [0x000000076fc80000,0x000000077027e4d8,0x0000000770700000)
  to   space 10752K, 0% used [0x0000000770700000,0x0000000770700000,0x0000000771180000)
 ParOldGen       total 173568K, used 16K [0x00000006c3600000, 0x00000006cdf80000, 0x000000076bd00000)
  object space 173568K, 0% used [0x00000006c3600000,0x00000006c3604000,0x00000006cdf80000)
 Metaspace       used 12488K, capacity 13158K, committed 13312K, reserved 1060864K
  class space    used 1500K, capacity 1697K, committed 1792K, reserved 1048576K
}

Deoptimization events (10 events):
Event: 4.058 Thread 0x0000000002fe4000 Uncommon trap: reason=class_check action=maybe_recompile pc=0x0000000003574a18 method=java.util.regex.Matcher.search(I)Z @ 86
Event: 4.058 Thread 0x0000000002fe4000 Uncommon trap: reason=class_check action=maybe_recompile pc=0x0000000003574a18 method=java.util.regex.Matcher.search(I)Z @ 86
Event: 4.058 Thread 0x0000000002fe4000 Uncommon trap: reason=class_check action=maybe_recompile pc=0x000000000352d69c method=java.util.regex.Pattern$Curly.match(Ljava/util/regex/Matcher;ILjava/lang/CharSequence;)Z @ 19
Event: 4.073 Thread 0x0000000002fe4000 Uncommon trap: reason=class_check action=maybe_recompile pc=0x000000000352d69c method=java.util.regex.Pattern$Curly.match(Ljava/util/regex/Matcher;ILjava/lang/CharSequence;)Z @ 19
Event: 4.073 Thread 0x0000000002fe4000 Uncommon trap: reason=class_check action=maybe_recompile pc=0x000000000352d69c method=java.util.regex.Pattern$Curly.match(Ljava/util/regex/Matcher;ILjava/lang/CharSequence;)Z @ 19
Event: 4.130 Thread 0x0000000002fe4000 Uncommon trap: reason=unstable_if action=reinterpret pc=0x00000000033609c8 method=org.eclipse.jdt.launching.internal.org.objectweb.asm.ByteVector.putUTF8(Ljava/lang/String;)Lorg/eclipse/jdt/launching/internal/org/objectweb/asm/ByteVector; @ 93
Event: 4.130 Thread 0x0000000002fe4000 Uncommon trap: reason=unstable_if action=reinterpret pc=0x000000000359d180 method=org.eclipse.jdt.launching.internal.org.objectweb.asm.ByteVector.encodeUtf8(Ljava/lang/String;II)Lorg/eclipse/jdt/launching/internal/org/objectweb/asm/ByteVector; @ 30
Event: 4.132 Thread 0x0000000002fe4000 Uncommon trap: reason=unstable_if action=reinterpret pc=0x00000000033c7074 method=org.eclipse.jdt.launching.internal.org.objectweb.asm.ByteVector.putUTF8(Ljava/lang/String;)Lorg/eclipse/jdt/launching/internal/org/objectweb/asm/ByteVector; @ 93
Event: 4.132 Thread 0x0000000002fe4000 Uncommon trap: reason=unstable_if action=reinterpret pc=0x00000000032621f4 method=org.eclipse.jdt.launching.internal.org.objectweb.asm.ByteVector.putUTF8(Ljava/lang/String;)Lorg/eclipse/jdt/launching/internal/org/objectweb/asm/ByteVector; @ 100
Event: 4.188 Thread 0x0000000002fe4000 Uncommon trap: reason=unstable_if action=reinterpret pc=0x00000000035af804 method=java.util.regex.Pattern$BmpCharProperty.match(Ljava/util/regex/Matcher;ILjava/lang/CharSequence;)Z @ 34

Classes redefined (6 events):
Event: 76.957 Thread 0x000000001c5d8000 redefined class name=com.demo.AT_Module_9.task12.Task12Class, count=1
Event: 176.877 Thread 0x000000001c5d8000 redefined class name=com.demo.AT_Module_9.task12.Task12Class, count=2
Event: 211.868 Thread 0x000000001c5d8000 redefined class name=com.demo.AT_Module_9.task12.Task12Class, count=3
Event: 337.138 Thread 0x000000001c5d8000 redefined class name=com.demo.AT_Module_9.task12.Task12Class, count=4
Event: 421.370 Thread 0x000000001c5d8000 redefined class name=com.demo.AT_Module_9.task12.Task12Class, count=5
Event: 2380.412 Thread 0x000000001c5d8000 redefined class name=com.demo.AT_Module_9.task12.Task12Class, count=6

Internal exceptions (10 events):
Event: 3.883 Thread 0x0000000002fe4000 Exception <a 'java/lang/ArrayIndexOutOfBoundsException'> (0x000000076ef894a0) thrown at [C:\re\workspace\8-2-build-windows-amd64-cygwin\jdk8u191\11896\hotspot\src\share\vm\runtime\sharedRuntime.cpp, line 605]
Event: 3.884 Thread 0x0000000002fe4000 Exception <a 'java/lang/ArrayIndexOutOfBoundsException'> (0x000000076ef90f40) thrown at [C:\re\workspace\8-2-build-windows-amd64-cygwin\jdk8u191\11896\hotspot\src\share\vm\runtime\sharedRuntime.cpp, line 605]
Event: 3.885 Thread 0x0000000002fe4000 Exception <a 'java/lang/ArrayIndexOutOfBoundsException'> (0x000000076ef97dd0) thrown at [C:\re\workspace\8-2-build-windows-amd64-cygwin\jdk8u191\11896\hotspot\src\share\vm\runtime\sharedRuntime.cpp, line 605]
Event: 3.955 Thread 0x0000000002fe4000 Exception <a 'java/lang/NoSuchMethodError': java.lang.Object.lambda$chars$0()Ljava/util/Spliterator$OfInt;> (0x000000076f383ca0) thrown at [C:\re\workspace\8-2-build-windows-amd64-cygwin\jdk8u191\11896\hotspot\src\share\vm\interpreter\linkResolver.cpp, li
Event: 6.208 Thread 0x0000000002fe4000 Exception <a 'java/lang/NoSuchMethodError': java.lang.Object.lambda$getResponseFunction$0(Lorg/openqa/selenium/remote/InitialHandshakeResponse;)Lorg/openqa/selenium/remote/ProtocolHandshake$Result;> (0x000000076c9b6af0) thrown at [C:\re\workspace\8-2-buil
Event: 6.278 Thread 0x0000000002fe4000 Exception <a 'java/net/SocketTimeoutException': Read timed out> (0x000000076cd2d240) thrown at [C:\re\workspace\8-2-build-windows-amd64-cygwin\jdk8u191\11896\hotspot\src\share\vm\prims\jni.cpp, line 735]
Event: 6.284 Thread 0x0000000002fe4000 Exception <a 'java/net/SocketTimeoutException': Read timed out> (0x000000076cd452c0) thrown at [C:\re\workspace\8-2-build-windows-amd64-cygwin\jdk8u191\11896\hotspot\src\share\vm\prims\jni.cpp, line 735]
Event: 8.815 Thread 0x0000000002fe4000 Exception <a 'java/net/SocketTimeoutException': Read timed out> (0x000000076cf62418) thrown at [C:\re\workspace\8-2-build-windows-amd64-cygwin\jdk8u191\11896\hotspot\src\share\vm\prims\jni.cpp, line 735]
Event: 8.855 Thread 0x0000000002fe4000 Exception <a 'java/net/SocketTimeoutException': Read timed out> (0x000000076cf9b7b8) thrown at [C:\re\workspace\8-2-build-windows-amd64-cygwin\jdk8u191\11896\hotspot\src\share\vm\prims\jni.cpp, line 735]
Event: 8.912 Thread 0x0000000002fe4000 Exception <a 'java/net/SocketTimeoutException': Read timed out> (0x000000076d09a7f0) thrown at [C:\re\workspace\8-2-build-windows-amd64-cygwin\jdk8u191\11896\hotspot\src\share\vm\prims\jni.cpp, line 735]

Events (10 events):
Event: 8251.252 Executing VM operation: GetCurrentContendedMonitor done
Event: 8251.253 Executing VM operation: GetCurrentContendedMonitor
Event: 8251.253 Executing VM operation: GetCurrentContendedMonitor done
Event: 8251.253 Executing VM operation: GetOwnedMonitorInfo
Event: 8251.253 Executing VM operation: GetOwnedMonitorInfo done
Event: 8251.445 Executing VM operation: GetOwnedMonitorInfo
Event: 8251.445 Executing VM operation: GetOwnedMonitorInfo done
Event: 8251.445 Executing VM operation: GetCurrentContendedMonitor
Event: 8251.445 Executing VM operation: GetCurrentContendedMonitor done
Event: 8251.799 Executing VM operation: GetOrSetLocal


Dynamic libraries:
0x00007ff632640000 - 0x00007ff632677000 	C:\Program Files\Java\jdk1.8.0_191\bin\javaw.exe
0x00007ffdf3800000 - 0x00007ffdf39ed000 	C:\WINDOWS\SYSTEM32\ntdll.dll
0x00007ffdf2ba0000 - 0x00007ffdf2c53000 	C:\WINDOWS\System32\KERNEL32.DLL
0x00007ffdefe50000 - 0x00007ffdf00e3000 	C:\WINDOWS\System32\KERNELBASE.dll
0x00000000624a0000 - 0x0000000062533000 	C:\WINDOWS\System32\SYSFER.DLL
0x00007ffdf2f20000 - 0x00007ffdf2fc3000 	C:\WINDOWS\System32\ADVAPI32.dll
0x00007ffdf36b0000 - 0x00007ffdf374e000 	C:\WINDOWS\System32\msvcrt.dll
0x00007ffdf20d0000 - 0x00007ffdf216e000 	C:\WINDOWS\System32\sechost.dll
0x00007ffdf2c60000 - 0x00007ffdf2d82000 	C:\WINDOWS\System32\RPCRT4.dll
0x00007ffdf32b0000 - 0x00007ffdf3447000 	C:\WINDOWS\System32\USER32.dll
0x00007ffdefb30000 - 0x00007ffdefb50000 	C:\WINDOWS\System32\win32u.dll
0x00007ffdf1f40000 - 0x00007ffdf1f69000 	C:\WINDOWS\System32\GDI32.dll
0x00007ffdf00f0000 - 0x00007ffdf028a000 	C:\WINDOWS\System32\gdi32full.dll
0x00007ffdefdb0000 - 0x00007ffdefe50000 	C:\WINDOWS\System32\msvcp_win.dll
0x00007ffdefa10000 - 0x00007ffdefb0a000 	C:\WINDOWS\System32\ucrtbase.dll
0x00007ffddf050000 - 0x00007ffddf2c9000 	C:\WINDOWS\WinSxS\amd64_microsoft.windows.common-controls_6595b64144ccf1df_6.0.17763.557_none_05b63f68071e5b9f\COMCTL32.dll
0x00007ffdf2650000 - 0x00007ffdf297c000 	C:\WINDOWS\System32\combase.dll
0x00007ffdefb50000 - 0x00007ffdefbce000 	C:\WINDOWS\System32\bcryptPrimitives.dll
0x00007ffdf3090000 - 0x00007ffdf30be000 	C:\WINDOWS\System32\IMM32.DLL
0x0000000060b80000 - 0x0000000060c52000 	C:\Program Files\Java\jdk1.8.0_191\jre\bin\msvcr100.dll
0x0000000060dd0000 - 0x0000000061674000 	C:\Program Files\Java\jdk1.8.0_191\jre\bin\server\jvm.dll
0x00007ffdf1f20000 - 0x00007ffdf1f28000 	C:\WINDOWS\System32\PSAPI.DLL
0x00007ffdd6950000 - 0x00007ffdd6959000 	C:\WINDOWS\SYSTEM32\WSOCK32.dll
0x00007ffdf2eb0000 - 0x00007ffdf2f1d000 	C:\WINDOWS\System32\WS2_32.dll
0x00007ffded7e0000 - 0x00007ffded804000 	C:\WINDOWS\SYSTEM32\WINMM.dll
0x00007ffde2ea0000 - 0x00007ffde2eaa000 	C:\WINDOWS\SYSTEM32\VERSION.dll
0x00007ffded7b0000 - 0x00007ffded7dd000 	C:\WINDOWS\SYSTEM32\WINMMBASE.dll
0x00007ffdf09e0000 - 0x00007ffdf0a2a000 	C:\WINDOWS\System32\cfgmgr32.dll
0x0000000062230000 - 0x000000006223f000 	C:\Program Files\Java\jdk1.8.0_191\jre\bin\verify.dll
0x0000000062200000 - 0x0000000062229000 	C:\Program Files\Java\jdk1.8.0_191\jre\bin\java.dll
0x000000005cb70000 - 0x000000005cba5000 	C:\Program Files\Java\jdk1.8.0_191\jre\bin\jdwp.dll
0x0000000061780000 - 0x0000000061788000 	C:\Program Files\Java\jdk1.8.0_191\jre\bin\npt.dll
0x000000005cb40000 - 0x000000005cb63000 	C:\Program Files\Java\jdk1.8.0_191\jre\bin\instrument.dll
0x00000000621e0000 - 0x00000000621f6000 	C:\Program Files\Java\jdk1.8.0_191\jre\bin\zip.dll
0x00007ffdf0a30000 - 0x00007ffdf1f20000 	C:\WINDOWS\System32\SHELL32.dll
0x00007ffdf2df0000 - 0x00007ffdf2e98000 	C:\WINDOWS\System32\shcore.dll
0x00007ffdf0290000 - 0x00007ffdf09da000 	C:\WINDOWS\System32\windows.storage.dll
0x00007ffdef8a0000 - 0x00007ffdef8c4000 	C:\WINDOWS\System32\profapi.dll
0x00007ffdef820000 - 0x00007ffdef87d000 	C:\WINDOWS\System32\powrprof.dll
0x00007ffdf2fd0000 - 0x00007ffdf3022000 	C:\WINDOWS\System32\shlwapi.dll
0x00007ffdef880000 - 0x00007ffdef891000 	C:\WINDOWS\System32\kernel.appcore.dll
0x00007ffdefb10000 - 0x00007ffdefb27000 	C:\WINDOWS\System32\cryptsp.dll
0x000000005cb30000 - 0x000000005cb39000 	C:\Program Files\Java\jdk1.8.0_191\jre\bin\dt_socket.dll
0x00007ffdc9e70000 - 0x00007ffdc9e86000 	C:\WINDOWS\system32\napinsp.dll
0x00007ffdc9f00000 - 0x00007ffdc9f1a000 	C:\WINDOWS\system32\pnrpnsp.dll
0x00007ffdef080000 - 0x00007ffdef0e7000 	C:\WINDOWS\System32\mswsock.dll
0x00007ffdeee20000 - 0x00007ffdeeee6000 	C:\WINDOWS\SYSTEM32\DNSAPI.dll
0x00007ffdf1f30000 - 0x00007ffdf1f38000 	C:\WINDOWS\System32\NSI.dll
0x00007ffdeede0000 - 0x00007ffdeee1d000 	C:\WINDOWS\SYSTEM32\IPHLPAPI.DLL
0x00007ffdc9f20000 - 0x00007ffdc9f2e000 	C:\WINDOWS\System32\winrnr.dll
0x00007ffdebdd0000 - 0x00007ffdebdeb000 	C:\WINDOWS\system32\NLAapi.dll
0x00007ffde4670000 - 0x00007ffde4685000 	C:\WINDOWS\system32\wshbth.dll
0x00007ffde9c00000 - 0x00007ffde9c79000 	C:\WINDOWS\System32\fwpuclnt.dll
0x00007ffdef980000 - 0x00007ffdef9a6000 	C:\WINDOWS\System32\bcrypt.dll
0x00007ffde0ed0000 - 0x00007ffde0eda000 	C:\Windows\System32\rasadhlp.dll
0x00000000621c0000 - 0x00000000621da000 	C:\Program Files\Java\jdk1.8.0_191\jre\bin\net.dll
0x0000000062100000 - 0x0000000062124000 	C:\Program Files\Java\jdk1.8.0_191\jre\bin\sunec.dll
0x00000000620f0000 - 0x00000000620fb000 	C:\Program Files\Java\jdk1.8.0_191\jre\bin\sunmscapi.dll
0x00007ffdefbd0000 - 0x00007ffdefdab000 	C:\WINDOWS\System32\CRYPT32.dll
0x00007ffdef800000 - 0x00007ffdef812000 	C:\WINDOWS\System32\MSASN1.dll
0x00007ffdea650000 - 0x00007ffdea666000 	C:\WINDOWS\SYSTEM32\dhcpcsvc6.DLL
0x00007ffde9a10000 - 0x00007ffde9a2c000 	C:\WINDOWS\SYSTEM32\dhcpcsvc.DLL
0x0000000062130000 - 0x0000000062141000 	C:\Program Files\Java\jdk1.8.0_191\jre\bin\nio.dll
0x00007ffdee9e0000 - 0x00007ffdeea13000 	C:\WINDOWS\system32\rsaenh.dll
0x00007ffdef730000 - 0x00007ffdef758000 	C:\WINDOWS\SYSTEM32\USERENV.dll
0x00007ffdef250000 - 0x00007ffdef25c000 	C:\WINDOWS\SYSTEM32\CRYPTBASE.dll

VM Arguments:
jvm_args: -agentlib:jdwp=transport=dt_socket,suspend=y,address=localhost:58360 -javaagent:C:\Users\Iuliia_Voinova\eclipse\java-2018-12\eclipse\configuration\org.eclipse.osgi\221\0\.cp\lib\javaagent-shaded.jar -Dfile.encoding=UTF-8 
java_command: com.demo.AT_Module_9.task12.Task12Class
java_class_path (initial): C:\Users\Iuliia_Voinova\Desktop\JAVA\Test\AT_Module_9\target\classes;C:\Users\Iuliia_Voinova\.m2\repository\org\seleniumhq\selenium\selenium-java\3.141.59\selenium-java-3.141.59.jar;C:\Users\Iuliia_Voinova\.m2\repository\org\seleniumhq\selenium\selenium-api\3.141.59\selenium-api-3.141.59.jar;C:\Users\Iuliia_Voinova\.m2\repository\org\seleniumhq\selenium\selenium-chrome-driver\3.141.59\selenium-chrome-driver-3.141.59.jar;C:\Users\Iuliia_Voinova\.m2\repository\org\seleniumhq\selenium\selenium-edge-driver\3.141.59\selenium-edge-driver-3.141.59.jar;C:\Users\Iuliia_Voinova\.m2\repository\org\seleniumhq\selenium\selenium-firefox-driver\3.141.59\selenium-firefox-driver-3.141.59.jar;C:\Users\Iuliia_Voinova\.m2\repository\org\seleniumhq\selenium\selenium-ie-driver\3.141.59\selenium-ie-driver-3.141.59.jar;C:\Users\Iuliia_Voinova\.m2\repository\org\seleniumhq\selenium\selenium-opera-driver\3.141.59\selenium-opera-driver-3.141.59.jar;C:\Users\Iuliia_Voinova\.m2\repository\org\seleniumhq\selenium\selenium-remote-driver\3.141.59\selenium-remote-driver-3.141.59.jar;C:\Users\Iuliia_Voinova\.m2\repository\org\seleniumhq\selenium\selenium-safari-driver\3.141.59\selenium-safari-driver-3.141.59.jar;C:\Users\Iuliia_Voinova\.m2\repository\org\seleniumhq\selenium\selenium-support\3.141.59\selenium-support-3.141.59.jar;C:\Users\Iuliia_Voinova\.m2\repository\net\bytebuddy\byte-buddy\1.8.15\byte-buddy-1.8.15.jar;C:\Users\Iuliia_Voinova\.m2\repository\org\apache\commons\commons-exec\1.3\commons-exec-1.3.jar;C:\Users\Iuliia_Voinova\.m2\repository\com\google\guava\guava\25.0-jre\guava-25.0-jre.jar;C:\Users\Iuliia_Voinova\.m2\repository\com\google\code\findbugs\jsr305\1.3.9\jsr305-1.3.9.jar;C:\Users\Iuliia_Voinova\.m2\repository\org\checkerframework\checker-compat-qual\2.0.0\checker-compat-qual-2.0.0.jar;C:\Users\Iuliia_Voinova\.m2\repository\com\google\errorprone\error_prone_annotations\2.1.3\error_prone_annotations-2.1.3.jar;C:\Users\Iuliia_Voinova\.m2\repository\c
Launcher Type: SUN_STANDARD

Environment Variables:
JAVA_HOME=C:\Program Files\Java\jdk1.8.0_191
PATH=C:\Program Files\Java\jdk1.8.0_191\jre\bin;C:/Program Files/Java/jdk1.8.0_191/bin/../jre/bin/server;C:/Program Files/Java/jdk1.8.0_191/bin/../jre/bin;C:/Program Files/Java/jdk1.8.0_191/bin/../jre/lib/amd64;C:\oraclexe\app\oracle\product\10.2.0\server\bin;C:\WINDOWS\system32;C:\WINDOWS;C:\WINDOWS\System32\Wbem;C:\WINDOWS\System32\WindowsPowerShell\v1.0\;C:\WINDOWS\System32\OpenSSH\;C:\Program Files\TortoiseSVN\bin;C:\Program Files\PuTTY\;C:\Program Files\Java\jdk1.8.0_191\bin;C:\maven\bin;C:\Users\Iuliia_Voinova\AppData\Local\Microsoft\WindowsApps;;C:\Users\Iuliia_Voinova\Desktop;
USERNAME=Iuliia_Voinova
OS=Windows_NT
PROCESSOR_IDENTIFIER=Intel64 Family 6 Model 142 Stepping 9, GenuineIntel



---------------  S Y S T E M  ---------------

OS: Windows 10.0 , 64 bit Build 17763 (10.0.17763.475)

CPU:total 4 (initial active 4) (2 cores per cpu, 2 threads per core) family 6 model 142 stepping 9, cmov, cx8, fxsr, mmx, sse, sse2, sse3, ssse3, sse4.1, sse4.2, popcnt, avx, avx2, aes, clmul, erms, rtm, 3dnowpref, lzcnt, ht, tsc, tscinvbit, bmi1, bmi2, adx

Memory: 4k page, physical 16555208k(5703116k free), swap 21588348k(2883420k free)

vm_info: Java HotSpot(TM) 64-Bit Server VM (25.191-b12) for windows-amd64 JRE (1.8.0_191-b12), built on Oct  6 2018 09:29:03 by "java_re" with MS VC++ 10.0 (VS2010)

time: Thu Sep 26 02:08:49 2019
elapsed time: 8251 seconds (0d 2h 17m 31s)

